           2          35
           3          36
           4          37
           5          38
           6          39
           7          40
           8          41
           9          42
          10          43
          11          44
          12          45
          13          46
          14          47
          15          48
          16          49
          17          50
          18          51
          19          52
          20          53
          21          54
          22          55
          23          56
          24          57
          25          58
          26          59
          27          60
          28          61
          29          62
          30          63
          31          64
          32          65
          34          35
          35          36
          35          68
          36          37
          36          69
          37          38
          37          70
          38          39
          38          71
          39          40
          39          72
          40          41
          40          73
          41          42
          41          74
          42          43
          42          75
          43          44
          43          76
          44          45
          44          77
          45          46
          45          78
          46          47
          46          79
          47          48
          47          80
          48          49
          48          81
          49          50
          49          82
          50          51
          50          83
          51          52
          51          84
          52          53
          52          85
          53          54
          53          86
          54          55
          54          87
          55          56
          55          88
          56          57
          56          89
          57          58
          57          90
          58          59
          58          91
          59          60
          59          92
          60          61
          60          93
          61          62
          61          94
          62          63
          62          95
          63          64
          63          96
          64          65
          64          97
          65          66
          65          98
          67          68
          68          69
          68         101
          69          70
          69         102
          70          71
          70         103
          71          72
          71         104
          72          73
          72         105
          73          74
          73         106
          74          75
          74         107
          75          76
          75         108
          76          77
          76         109
          77          78
          77         110
          78          79
          78         111
          79          80
          79         112
          80          81
          80         113
          81          82
          81         114
          82          83
          82         115
          83          84
          83         116
          84          85
          84         117
          85          86
          85         118
          86          87
          86         119
          87          88
          87         120
          88          89
          88         121
          89          90
          89         122
          90          91
          90         123
          91          92
          91         124
          92          93
          92         125
          93          94
          93         126
          94          95
          94         127
          95          96
          95         128
          96          97
          96         129
          97          98
          97         130
          98          99
          98         131
         100         101
         101         102
         101         134
         102         103
         102         135
         103         104
         103         136
         104         105
         104         137
         105         106
         105         138
         106         107
         106         139
         107         108
         107         140
         108         109
         108         141
         109         110
         109         142
         110         111
         110         143
         111         112
         111         144
         112         113
         112         145
         113         114
         113         146
         114         115
         114         147
         115         116
         115         148
         116         117
         116         149
         117         118
         117         150
         118         119
         118         151
         119         120
         119         152
         120         121
         120         153
         121         122
         121         154
         122         123
         122         155
         123         124
         123         156
         124         125
         124         157
         125         126
         125         158
         126         127
         126         159
         127         128
         127         160
         128         129
         128         161
         129         130
         129         162
         130         131
         130         163
         131         132
         131         164
         133         134
         134         135
         134         167
         135         136
         135         168
         136         137
         136         169
         137         138
         137         170
         138         139
         138         171
         139         140
         139         172
         140         141
         140         173
         141         142
         141         174
         142         143
         142         175
         143         144
         143         176
         144         145
         144         177
         145         146
         145         178
         146         147
         146         179
         147         148
         147         180
         148         149
         148         181
         149         150
         149         182
         150         151
         150         183
         151         152
         151         184
         152         153
         152         185
         153         154
         153         186
         154         155
         154         187
         155         156
         155         188
         156         157
         156         189
         157         158
         157         190
         158         159
         158         191
         159         160
         159         192
         160         161
         160         193
         161         162
         161         194
         162         163
         162         195
         163         164
         163         196
         164         165
         164         197
         166         167
         167         168
         167         200
         168         169
         168         201
         169         170
         169         202
         170         171
         170         203
         171         172
         171         204
         172         173
         172         205
         173         174
         173         206
         174         175
         174         207
         175         176
         175         208
         176         177
         176         209
         177         178
         177         210
         178         179
         178         211
         179         180
         179         212
         180         181
         180         213
         181         182
         181         214
         182         183
         182         215
         183         184
         183         216
         184         185
         184         217
         185         186
         185         218
         186         187
         186         219
         187         188
         187         220
         188         189
         188         221
         189         190
         189         222
         190         191
         190         223
         191         192
         191         224
         192         193
         192         225
         193         194
         193         226
         194         195
         194         227
         195         196
         195         228
         196         197
         196         229
         197         198
         197         230
         199         200
         200         201
         200         233
         201         202
         201         234
         202         203
         202         235
         203         204
         203         236
         204         205
         204         237
         205         206
         205         238
         206         207
         206         239
         207         208
         207         240
         208         209
         208         241
         209         210
         209         242
         210         211
         210         243
         211         212
         211         244
         212         213
         212         245
         213         214
         213         246
         214         215
         214         247
         215         216
         215         248
         216         217
         216         249
         217         218
         217         250
         218         219
         218         251
         219         220
         219         252
         220         221
         220         253
         221         222
         221         254
         222         223
         222         255
         223         224
         223         256
         224         225
         224         257
         225         226
         225         258
         226         227
         226         259
         227         228
         227         260
         228         229
         228         261
         229         230
         229         262
         230         231
         230         263
         232         233
         233         234
         233         266
         234         235
         234         267
         235         236
         235         268
         236         237
         236         269
         237         238
         237         270
         238         239
         238         271
         239         240
         239         272
         240         241
         240         273
         241         242
         241         274
         242         243
         242         275
         243         244
         243         276
         244         245
         244         277
         245         246
         245         278
         246         247
         246         279
         247         248
         247         280
         248         249
         248         281
         249         250
         249         282
         250         251
         250         283
         251         252
         251         284
         252         253
         252         285
         253         254
         253         286
         254         255
         254         287
         255         256
         255         288
         256         257
         256         289
         257         258
         257         290
         258         259
         258         291
         259         260
         259         292
         260         261
         260         293
         261         262
         261         294
         262         263
         262         295
         263         264
         263         296
          34           1
           1           2
           2           3
           3           4
           4           5
           5           6
           6           7
           7           8
           8           9
           9          10
          10          11
          11          12
          12          13
          13          14
          14          15
          15          16
          16          17
          17          18
          18          19
          19          20
          20          21
          21          22
          22          23
          23          24
          24          25
          25          26
          26          27
          27          28
          28          29
          29          30
          30          31
          31          32
          32          33
          33          66
          67          34
          66          99
         100          67
          99         132
         133         100
         132         165
         166         133
         165         198
         199         166
         198         231
         232         199
         231         264
         265         232
         264         297
         266         265
         267         266
         268         267
         269         268
         270         269
         271         270
         272         271
         273         272
         274         273
         275         274
         276         275
         277         276
         278         277
         279         278
         280         279
         281         280
         282         281
         283         282
         284         283
         285         284
         286         285
         287         286
         288         287
         289         288
         290         289
         291         290
         292         291
         293         292
         294         293
         295         294
         296         295
         297         296
