           1           2
           2           3
           3           4
           4           5
           5           6
           6           7
           7           8
           8           9
           9          10
          10          11
          11          12
          12          13
          13          14
          14          15
          15          16
          16          17
          17          18
          18          19
          19          20
          20          21
          21          22
          22          23
          23          24
          24          25
          25          26
          26          27
          27          28
          28          29
          29          30
          30          31
          31          32
          33           1
          34           2
          33          34
          35           3
          34          35
          36           4
          35          36
          37           5
          36          37
          38           6
          37          38
          39           7
          38          39
          40           8
          39          40
          41           9
          40          41
          42          10
          41          42
          43          11
          42          43
          44          12
          43          44
          45          13
          44          45
          46          14
          45          46
          47          15
          46          47
          48          16
          47          48
          49          17
          48          49
          50          18
          49          50
          51          19
          50          51
          52          20
          51          52
          53          21
          52          53
          54          22
          53          54
          55          23
          54          55
          56          24
          55          56
          57          25
          56          57
          58          26
          57          58
          59          27
          58          59
          60          28
          59          60
          61          29
          60          61
          62          30
          61          62
          63          31
          62          63
          64          32
          63          64
          65          33
          66          34
          65          66
          67          35
          66          67
          68          36
          67          68
          69          37
          68          69
          70          38
          69          70
          71          39
          70          71
          72          40
          71          72
          73          41
          72          73
          74          42
          73          74
          75          43
          74          75
          76          44
          75          76
          77          45
          76          77
          78          46
          77          78
          79          47
          78          79
          80          48
          79          80
          81          49
          80          81
          82          50
          81          82
          83          51
          82          83
          84          52
          83          84
          85          53
          84          85
          86          54
          85          86
          87          55
          86          87
          88          56
          87          88
          89          57
          88          89
          90          58
          89          90
          91          59
          90          91
          92          60
          91          92
          93          61
          92          93
          94          62
          93          94
          95          63
          94          95
          96          64
          95          96
          97          65
          98          66
          97          98
          99          67
          98          99
         100          68
          99         100
         101          69
         100         101
         102          70
         101         102
         103          71
         102         103
         104          72
         103         104
         105          73
         104         105
         106          74
         105         106
         107          75
         106         107
         108          76
         107         108
         109          77
         108         109
         110          78
         109         110
         111          79
         110         111
         112          80
         111         112
         113          81
         112         113
         114          82
         113         114
         115          83
         114         115
         116          84
         115         116
         117          85
         116         117
         118          86
         117         118
         119          87
         118         119
         120          88
         119         120
         121          89
         120         121
         122          90
         121         122
         123          91
         122         123
         124          92
         123         124
         125          93
         124         125
         126          94
         125         126
         127          95
         126         127
         128          96
         127         128
         129          97
         130          98
         129         130
         131          99
         130         131
         132         100
         131         132
         133         101
         132         133
         134         102
         133         134
         135         103
         134         135
         136         104
         135         136
         137         105
         136         137
         138         106
         137         138
         139         107
         138         139
         140         108
         139         140
         141         109
         140         141
         142         110
         141         142
         143         111
         142         143
         144         112
         143         144
         145         113
         144         145
         146         114
         145         146
         147         115
         146         147
         148         116
         147         148
         149         117
         148         149
         150         118
         149         150
         151         119
         150         151
         152         120
         151         152
         153         121
         152         153
         154         122
         153         154
         155         123
         154         155
         156         124
         155         156
         157         125
         156         157
         158         126
         157         158
         159         127
         158         159
         160         128
         159         160
         161         129
         162         130
         161         162
         163         131
         162         163
         164         132
         163         164
         165         133
         164         165
         166         134
         165         166
         167         135
         166         167
         168         136
         167         168
         169         137
         168         169
         170         138
         169         170
         171         139
         170         171
         172         140
         171         172
         173         141
         172         173
         174         142
         173         174
         175         143
         174         175
         176         144
         175         176
         177         145
         176         177
         178         146
         177         178
         179         147
         178         179
         180         148
         179         180
         181         149
         180         181
         182         150
         181         182
         183         151
         182         183
         184         152
         183         184
         185         153
         184         185
         186         154
         185         186
         187         155
         186         187
         188         156
         187         188
         189         157
         188         189
         190         158
         189         190
         191         159
         190         191
         192         160
         191         192
         193         161
         194         162
         193         194
         195         163
         194         195
         196         164
         195         196
         197         165
         196         197
         198         166
         197         198
         199         167
         198         199
         200         168
         199         200
         201         169
         200         201
         202         170
         201         202
         203         171
         202         203
         204         172
         203         204
         205         173
         204         205
         206         174
         205         206
         207         175
         206         207
         208         176
         207         208
         209         177
         208         209
         210         178
         209         210
         211         179
         210         211
         212         180
         211         212
         213         181
         212         213
         214         182
         213         214
         215         183
         214         215
         216         184
         215         216
         217         185
         216         217
         218         186
         217         218
         219         187
         218         219
         220         188
         219         220
         221         189
         220         221
         222         190
         221         222
         223         191
         222         223
         224         192
         223         224
         225         193
         226         194
         225         226
         227         195
         226         227
         228         196
         227         228
         229         197
         228         229
         230         198
         229         230
         231         199
         230         231
         232         200
         231         232
         233         201
         232         233
         234         202
         233         234
         235         203
         234         235
         236         204
         235         236
         237         205
         236         237
         238         206
         237         238
         239         207
         238         239
         240         208
         239         240
         241         209
         240         241
         242         210
         241         242
         243         211
         242         243
         244         212
         243         244
         245         213
         244         245
         246         214
         245         246
         247         215
         246         247
         248         216
         247         248
         249         217
         248         249
         250         218
         249         250
         251         219
         250         251
         252         220
         251         252
         253         221
         252         253
         254         222
         253         254
         255         223
         254         255
         256         224
         255         256
           1        -999
           1        -999
           2        -999
           3        -999
           4        -999
           5        -999
           6        -999
           7        -999
           8        -999
           9        -999
          10        -999
          11        -999
          12        -999
          13        -999
          14        -999
          15        -999
          16        -999
          17        -999
          18        -999
          19        -999
          20        -999
          21        -999
          22        -999
          23        -999
          24        -999
          25        -999
          26        -999
          27        -999
          28        -999
          29        -999
          30        -999
          31        -999
          32        -999
          32        -999
          33        -999
          64        -999
          65        -999
          96        -999
          97        -999
         128        -999
         129        -999
         160        -999
         161        -999
         192        -999
         193        -999
         224        -999
         225        -999
         256        -999
         225        -999
         226        -999
         227        -999
         228        -999
         229        -999
         230        -999
         231        -999
         232        -999
         233        -999
         234        -999
         235        -999
         236        -999
         237        -999
         238        -999
         239        -999
         240        -999
         241        -999
         242        -999
         243        -999
         244        -999
         245        -999
         246        -999
         247        -999
         248        -999
         249        -999
         250        -999
         251        -999
         252        -999
         253        -999
         254        -999
         255        -999
         256        -999
