           1
           1
           0
           1          11
         150         151         152         153         154         155
         156         157         158         159
           1
           0
           1          11
          17          34          51          68          84          85
         101         117         133         149
           1
           0
           1           9
         134         135         136         137         138         139
         140         141
           1
           0
           1           9
          16          33          50          67          83         100
         116         132
           1
           0
           1          10
         134         135         136         137         138         139
         142         140         141
           1
           0
           1          10
          16          33          50          66          67          83
         100         116         132
