           0
           1
           1
           1          11
         149         150         151         152         153         154
         155         156         157         158
           1
           1
           1          11
           1          17          33          49          65          81
          82          98         115         132
           1
           1
           1           9
         133         134         135         136         137         138
         139         140
           1
           1
           1           9
           2          18          34          50          67          83
         100         117
           1
           1
           1          10
         133         134         135         141         136         137
         138         139         140
           1
           1
           1          10
           2          18          34          50          67          83
          84         100         117
