         297
           1  -32000.000000000000       -8000.0000000000000                1
           2  -30000.000000000000       -8000.0000000000000                1
           3  -28000.000000000000       -8000.0000000000000                1
           4  -26000.000000000000       -8000.0000000000000                1
           5  -24000.000000000000       -8000.0000000000000                1
           6  -22000.000000000000       -8000.0000000000000                1
           7  -20000.000000000000       -8000.0000000000000                1
           8  -18000.000000000000       -8000.0000000000000                1
           9  -16000.000000000000       -8000.0000000000000                1
          10  -14000.000000000000       -8000.0000000000000                1
          11  -12000.000000000000       -8000.0000000000000                1
          12  -10000.000000000000       -8000.0000000000000                1
          13  -8000.0000000000000       -8000.0000000000000                1
          14  -6000.0000000000000       -8000.0000000000000                1
          15  -4000.0000000000000       -8000.0000000000000                1
          16  -2000.0000000000000       -8000.0000000000000                1
          17   0.0000000000000000       -8000.0000000000000                1
          18   2000.0000000000000       -8000.0000000000000                1
          19   4000.0000000000000       -8000.0000000000000                1
          20   6000.0000000000000       -8000.0000000000000                1
          21   8000.0000000000000       -8000.0000000000000                1
          22   10000.000000000000       -8000.0000000000000                1
          23   12000.000000000000       -8000.0000000000000                1
          24   14000.000000000000       -8000.0000000000000                1
          25   16000.000000000000       -8000.0000000000000                1
          26   18000.000000000000       -8000.0000000000000                1
          27   20000.000000000000       -8000.0000000000000                1
          28   22000.000000000000       -8000.0000000000000                1
          29   24000.000000000000       -8000.0000000000000                1
          30   26000.000000000000       -8000.0000000000000                1
          31   28000.000000000000       -8000.0000000000000                1
          32   30000.000000000000       -8000.0000000000000                1
          33   32000.000000000000       -8000.0000000000000                1
          34  -32000.000000000000       -6000.0000000000000                1
          35  -30000.000000000000       -6000.0000000000000                0
          36  -28000.000000000000       -6000.0000000000000                0
          37  -26000.000000000000       -6000.0000000000000                0
          38  -24000.000000000000       -6000.0000000000000                0
          39  -22000.000000000000       -6000.0000000000000                0
          40  -20000.000000000000       -6000.0000000000000                0
          41  -18000.000000000000       -6000.0000000000000                0
          42  -16000.000000000000       -6000.0000000000000                0
          43  -14000.000000000000       -6000.0000000000000                0
          44  -12000.000000000000       -6000.0000000000000                0
          45  -10000.000000000000       -6000.0000000000000                0
          46  -8000.0000000000000       -6000.0000000000000                0
          47  -6000.0000000000000       -6000.0000000000000                0
          48  -4000.0000000000000       -6000.0000000000000                0
          49  -2000.0000000000000       -6000.0000000000000                0
          50   0.0000000000000000       -6000.0000000000000                0
          51   2000.0000000000000       -6000.0000000000000                0
          52   4000.0000000000000       -6000.0000000000000                0
          53   6000.0000000000000       -6000.0000000000000                0
          54   8000.0000000000000       -6000.0000000000000                0
          55   10000.000000000000       -6000.0000000000000                0
          56   12000.000000000000       -6000.0000000000000                0
          57   14000.000000000000       -6000.0000000000000                0
          58   16000.000000000000       -6000.0000000000000                0
          59   18000.000000000000       -6000.0000000000000                0
          60   20000.000000000000       -6000.0000000000000                0
          61   22000.000000000000       -6000.0000000000000                0
          62   24000.000000000000       -6000.0000000000000                0
          63   26000.000000000000       -6000.0000000000000                0
          64   28000.000000000000       -6000.0000000000000                0
          65   30000.000000000000       -6000.0000000000000                0
          66   32000.000000000000       -6000.0000000000000                1
          67  -32000.000000000000       -4000.0000000000000                1
          68  -30000.000000000000       -4000.0000000000000                0
          69  -28000.000000000000       -4000.0000000000000                0
          70  -26000.000000000000       -4000.0000000000000                0
          71  -24000.000000000000       -4000.0000000000000                0
          72  -22000.000000000000       -4000.0000000000000                0
          73  -20000.000000000000       -4000.0000000000000                0
          74  -18000.000000000000       -4000.0000000000000                0
          75  -16000.000000000000       -4000.0000000000000                0
          76  -14000.000000000000       -4000.0000000000000                0
          77  -12000.000000000000       -4000.0000000000000                0
          78  -10000.000000000000       -4000.0000000000000                0
          79  -8000.0000000000000       -4000.0000000000000                0
          80  -6000.0000000000000       -4000.0000000000000                0
          81  -4000.0000000000000       -4000.0000000000000                0
          82  -2000.0000000000000       -4000.0000000000000                0
          83   0.0000000000000000       -4000.0000000000000                0
          84   2000.0000000000000       -4000.0000000000000                0
          85   4000.0000000000000       -4000.0000000000000                0
          86   6000.0000000000000       -4000.0000000000000                0
          87   8000.0000000000000       -4000.0000000000000                0
          88   10000.000000000000       -4000.0000000000000                0
          89   12000.000000000000       -4000.0000000000000                0
          90   14000.000000000000       -4000.0000000000000                0
          91   16000.000000000000       -4000.0000000000000                0
          92   18000.000000000000       -4000.0000000000000                0
          93   20000.000000000000       -4000.0000000000000                0
          94   22000.000000000000       -4000.0000000000000                0
          95   24000.000000000000       -4000.0000000000000                0
          96   26000.000000000000       -4000.0000000000000                0
          97   28000.000000000000       -4000.0000000000000                0
          98   30000.000000000000       -4000.0000000000000                0
          99   32000.000000000000       -4000.0000000000000                1
         100  -32000.000000000000       -2000.0000000000000                1
         101  -30000.000000000000       -2000.0000000000000                0
         102  -28000.000000000000       -2000.0000000000000                0
         103  -26000.000000000000       -2000.0000000000000                0
         104  -24000.000000000000       -2000.0000000000000                0
         105  -22000.000000000000       -2000.0000000000000                0
         106  -20000.000000000000       -2000.0000000000000                0
         107  -18000.000000000000       -2000.0000000000000                0
         108  -16000.000000000000       -2000.0000000000000                0
         109  -14000.000000000000       -2000.0000000000000                0
         110  -12000.000000000000       -2000.0000000000000                0
         111  -10000.000000000000       -2000.0000000000000                0
         112  -8000.0000000000000       -2000.0000000000000                0
         113  -6000.0000000000000       -2000.0000000000000                0
         114  -4000.0000000000000       -2000.0000000000000                0
         115  -2000.0000000000000       -2000.0000000000000                0
         116   0.0000000000000000       -2000.0000000000000                0
         117   2000.0000000000000       -2000.0000000000000                0
         118   4000.0000000000000       -2000.0000000000000                0
         119   6000.0000000000000       -2000.0000000000000                0
         120   8000.0000000000000       -2000.0000000000000                0
         121   10000.000000000000       -2000.0000000000000                0
         122   12000.000000000000       -2000.0000000000000                0
         123   14000.000000000000       -2000.0000000000000                0
         124   16000.000000000000       -2000.0000000000000                0
         125   18000.000000000000       -2000.0000000000000                0
         126   20000.000000000000       -2000.0000000000000                0
         127   22000.000000000000       -2000.0000000000000                0
         128   24000.000000000000       -2000.0000000000000                0
         129   26000.000000000000       -2000.0000000000000                0
         130   28000.000000000000       -2000.0000000000000                0
         131   30000.000000000000       -2000.0000000000000                0
         132   32000.000000000000       -2000.0000000000000                1
         133  -32000.000000000000        0.0000000000000000                1
         134  -30000.000000000000        0.0000000000000000                0
         135  -28000.000000000000        0.0000000000000000                0
         136  -26000.000000000000        0.0000000000000000                0
         137  -24000.000000000000        0.0000000000000000                0
         138  -22000.000000000000        0.0000000000000000                0
         139  -20000.000000000000        0.0000000000000000                0
         140  -18000.000000000000        0.0000000000000000                0
         141  -16000.000000000000        0.0000000000000000                0
         142  -14000.000000000000        0.0000000000000000                0
         143  -12000.000000000000        0.0000000000000000                0
         144  -10000.000000000000        0.0000000000000000                0
         145  -8000.0000000000000        0.0000000000000000                0
         146  -6000.0000000000000        0.0000000000000000                0
         147  -4000.0000000000000        0.0000000000000000                0
         148  -2000.0000000000000        0.0000000000000000                0
         149   0.0000000000000000        0.0000000000000000                0
         150   2000.0000000000000        0.0000000000000000                0
         151   4000.0000000000000        0.0000000000000000                0
         152   6000.0000000000000        0.0000000000000000                0
         153   8000.0000000000000        0.0000000000000000                0
         154   10000.000000000000        0.0000000000000000                0
         155   12000.000000000000        0.0000000000000000                0
         156   14000.000000000000        0.0000000000000000                0
         157   16000.000000000000        0.0000000000000000                0
         158   18000.000000000000        0.0000000000000000                0
         159   20000.000000000000        0.0000000000000000                0
         160   22000.000000000000        0.0000000000000000                0
         161   24000.000000000000        0.0000000000000000                0
         162   26000.000000000000        0.0000000000000000                0
         163   28000.000000000000        0.0000000000000000                0
         164   30000.000000000000        0.0000000000000000                0
         165   32000.000000000000        0.0000000000000000                1
         166  -32000.000000000000        2000.0000000000000                1
         167  -30000.000000000000        2000.0000000000000                0
         168  -28000.000000000000        2000.0000000000000                0
         169  -26000.000000000000        2000.0000000000000                0
         170  -24000.000000000000        2000.0000000000000                0
         171  -22000.000000000000        2000.0000000000000                0
         172  -20000.000000000000        2000.0000000000000                0
         173  -18000.000000000000        2000.0000000000000                0
         174  -16000.000000000000        2000.0000000000000                0
         175  -14000.000000000000        2000.0000000000000                0
         176  -12000.000000000000        2000.0000000000000                0
         177  -10000.000000000000        2000.0000000000000                0
         178  -8000.0000000000000        2000.0000000000000                0
         179  -6000.0000000000000        2000.0000000000000                0
         180  -4000.0000000000000        2000.0000000000000                0
         181  -2000.0000000000000        2000.0000000000000                0
         182   0.0000000000000000        2000.0000000000000                0
         183   2000.0000000000000        2000.0000000000000                0
         184   4000.0000000000000        2000.0000000000000                0
         185   6000.0000000000000        2000.0000000000000                0
         186   8000.0000000000000        2000.0000000000000                0
         187   10000.000000000000        2000.0000000000000                0
         188   12000.000000000000        2000.0000000000000                0
         189   14000.000000000000        2000.0000000000000                0
         190   16000.000000000000        2000.0000000000000                0
         191   18000.000000000000        2000.0000000000000                0
         192   20000.000000000000        2000.0000000000000                0
         193   22000.000000000000        2000.0000000000000                0
         194   24000.000000000000        2000.0000000000000                0
         195   26000.000000000000        2000.0000000000000                0
         196   28000.000000000000        2000.0000000000000                0
         197   30000.000000000000        2000.0000000000000                0
         198   32000.000000000000        2000.0000000000000                1
         199  -32000.000000000000        4000.0000000000000                1
         200  -30000.000000000000        4000.0000000000000                0
         201  -28000.000000000000        4000.0000000000000                0
         202  -26000.000000000000        4000.0000000000000                0
         203  -24000.000000000000        4000.0000000000000                0
         204  -22000.000000000000        4000.0000000000000                0
         205  -20000.000000000000        4000.0000000000000                0
         206  -18000.000000000000        4000.0000000000000                0
         207  -16000.000000000000        4000.0000000000000                0
         208  -14000.000000000000        4000.0000000000000                0
         209  -12000.000000000000        4000.0000000000000                0
         210  -10000.000000000000        4000.0000000000000                0
         211  -8000.0000000000000        4000.0000000000000                0
         212  -6000.0000000000000        4000.0000000000000                0
         213  -4000.0000000000000        4000.0000000000000                0
         214  -2000.0000000000000        4000.0000000000000                0
         215   0.0000000000000000        4000.0000000000000                0
         216   2000.0000000000000        4000.0000000000000                0
         217   4000.0000000000000        4000.0000000000000                0
         218   6000.0000000000000        4000.0000000000000                0
         219   8000.0000000000000        4000.0000000000000                0
         220   10000.000000000000        4000.0000000000000                0
         221   12000.000000000000        4000.0000000000000                0
         222   14000.000000000000        4000.0000000000000                0
         223   16000.000000000000        4000.0000000000000                0
         224   18000.000000000000        4000.0000000000000                0
         225   20000.000000000000        4000.0000000000000                0
         226   22000.000000000000        4000.0000000000000                0
         227   24000.000000000000        4000.0000000000000                0
         228   26000.000000000000        4000.0000000000000                0
         229   28000.000000000000        4000.0000000000000                0
         230   30000.000000000000        4000.0000000000000                0
         231   32000.000000000000        4000.0000000000000                1
         232  -32000.000000000000        6000.0000000000000                1
         233  -30000.000000000000        6000.0000000000000                0
         234  -28000.000000000000        6000.0000000000000                0
         235  -26000.000000000000        6000.0000000000000                0
         236  -24000.000000000000        6000.0000000000000                0
         237  -22000.000000000000        6000.0000000000000                0
         238  -20000.000000000000        6000.0000000000000                0
         239  -18000.000000000000        6000.0000000000000                0
         240  -16000.000000000000        6000.0000000000000                0
         241  -14000.000000000000        6000.0000000000000                0
         242  -12000.000000000000        6000.0000000000000                0
         243  -10000.000000000000        6000.0000000000000                0
         244  -8000.0000000000000        6000.0000000000000                0
         245  -6000.0000000000000        6000.0000000000000                0
         246  -4000.0000000000000        6000.0000000000000                0
         247  -2000.0000000000000        6000.0000000000000                0
         248   0.0000000000000000        6000.0000000000000                0
         249   2000.0000000000000        6000.0000000000000                0
         250   4000.0000000000000        6000.0000000000000                0
         251   6000.0000000000000        6000.0000000000000                0
         252   8000.0000000000000        6000.0000000000000                0
         253   10000.000000000000        6000.0000000000000                0
         254   12000.000000000000        6000.0000000000000                0
         255   14000.000000000000        6000.0000000000000                0
         256   16000.000000000000        6000.0000000000000                0
         257   18000.000000000000        6000.0000000000000                0
         258   20000.000000000000        6000.0000000000000                0
         259   22000.000000000000        6000.0000000000000                0
         260   24000.000000000000        6000.0000000000000                0
         261   26000.000000000000        6000.0000000000000                0
         262   28000.000000000000        6000.0000000000000                0
         263   30000.000000000000        6000.0000000000000                0
         264   32000.000000000000        6000.0000000000000                1
         265  -32000.000000000000        8000.0000000000000                1
         266  -30000.000000000000        8000.0000000000000                1
         267  -28000.000000000000        8000.0000000000000                1
         268  -26000.000000000000        8000.0000000000000                1
         269  -24000.000000000000        8000.0000000000000                1
         270  -22000.000000000000        8000.0000000000000                1
         271  -20000.000000000000        8000.0000000000000                1
         272  -18000.000000000000        8000.0000000000000                1
         273  -16000.000000000000        8000.0000000000000                1
         274  -14000.000000000000        8000.0000000000000                1
         275  -12000.000000000000        8000.0000000000000                1
         276  -10000.000000000000        8000.0000000000000                1
         277  -8000.0000000000000        8000.0000000000000                1
         278  -6000.0000000000000        8000.0000000000000                1
         279  -4000.0000000000000        8000.0000000000000                1
         280  -2000.0000000000000        8000.0000000000000                1
         281   0.0000000000000000        8000.0000000000000                1
         282   2000.0000000000000        8000.0000000000000                1
         283   4000.0000000000000        8000.0000000000000                1
         284   6000.0000000000000        8000.0000000000000                1
         285   8000.0000000000000        8000.0000000000000                1
         286   10000.000000000000        8000.0000000000000                1
         287   12000.000000000000        8000.0000000000000                1
         288   14000.000000000000        8000.0000000000000                1
         289   16000.000000000000        8000.0000000000000                1
         290   18000.000000000000        8000.0000000000000                1
         291   20000.000000000000        8000.0000000000000                1
         292   22000.000000000000        8000.0000000000000                1
         293   24000.000000000000        8000.0000000000000                1
         294   26000.000000000000        8000.0000000000000                1
         295   28000.000000000000        8000.0000000000000                1
         296   30000.000000000000        8000.0000000000000                1
         297   32000.000000000000        8000.0000000000000                1
